# JRE version: OpenJDK Runtime Environment (12.0.2+10) (build 12.0.2-BellSoft+10)
# Java VM: OpenJDK 64-Bit Server VM (12.0.2-BellSoft+10, mixed mode, sharing, tiered, compressed oops, g1 gc, windows-amd64)
Heap:
 garbage-first heap   total 158720K, used 112421K [0x0000000701c00000, 0x0000000800000000)
  region size 1024K, 23 young (23552K), 4 survivors (4096K)
 Metaspace       used 45046K, capacity 46247K, committed 46464K, reserved 1089536K
  class space    used 6059K, capacity 6509K, committed 6528K, reserved 1048576K
GC Heap History (10 events):
Event: 139.846 GC heap before
{Heap before GC invocations=23 (full 0):
 garbage-first heap   total 107520K, used 81375K [0x0000000701c00000, 0x0000000800000000)
  region size 1024K, 21 young (21504K), 3 survivors (3072K)
 Metaspace       used 41257K, capacity 42132K, committed 42496K, reserved 1085440K
  class space    used 5483K, capacity 5777K, committed 5888K, reserved 1048576K
}
Event: 139.850 GC heap after
{Heap after GC invocations=24 (full 0):
 garbage-first heap   total 107520K, used 66079K [0x0000000701c00000, 0x0000000800000000)
  region size 1024K, 3 young (3072K), 3 survivors (3072K)
 Metaspace       used 41257K, capacity 42132K, committed 42496K, reserved 1085440K
  class space    used 5483K, capacity 5777K, committed 5888K, reserved 1048576K
}
Event: 140.818 GC heap before
{Heap before GC invocations=24 (full 0):
 garbage-first heap   total 107520K, used 85535K [0x0000000701c00000, 0x0000000800000000)
  region size 1024K, 22 young (22528K), 3 survivors (3072K)
 Metaspace       used 41610K, capacity 42484K, committed 42752K, reserved 1085440K
  class space    used 5584K, capacity 5873K, committed 5888K, reserved 1048576K
}
Event: 140.822 GC heap after
{Heap after GC invocations=25 (full 0):
 garbage-first heap   total 107520K, used 69233K [0x0000000701c00000, 0x0000000800000000)
  region size 1024K, 3 young (3072K), 3 survivors (3072K)
 Metaspace       used 41610K, capacity 42484K, committed 42752K, reserved 1085440K
  class space    used 5584K, capacity 5873K, committed 5888K, reserved 1048576K
}
Event: 141.490 GC heap before
{Heap before GC invocations=26 (full 0):
 garbage-first heap   total 117760K, used 78449K [0x0000000701c00000, 0x0000000800000000)
  region size 1024K, 13 young (13312K), 3 survivors (3072K)
 Metaspace       used 41762K, capacity 42644K, committed 42880K, reserved 1085440K
  class space    used 5630K, capacity 5905K, committed 6016K, reserved 1048576K
}
Event: 141.495 GC heap after
{Heap after GC invocations=27 (full 0):
 garbage-first heap   total 117760K, used 70588K [0x0000000701c00000, 0x0000000800000000)
  region size 1024K, 2 young (2048K), 2 survivors (2048K)
 Metaspace       used 41762K, capacity 42644K, committed 42880K, reserved 1085440K
  class space    used 5630K, capacity 5905K, committed 6016K, reserved 1048576K
}
Event: 142.060 GC heap before
{Heap before GC invocations=28 (full 0):
 garbage-first heap   total 152576K, used 97212K [0x0000000701c00000, 0x0000000800000000)
  region size 1024K, 20 young (20480K), 2 survivors (2048K)
 Metaspace       used 41995K, capacity 42963K, committed 43136K, reserved 1087488K
  class space    used 5680K, capacity 5990K, committed 6016K, reserved 1048576K
}
Event: 142.064 GC heap after
{Heap after GC invocations=29 (full 0):
 garbage-first heap   total 152576K, used 81146K [0x0000000701c00000, 0x0000000800000000)
  region size 1024K, 3 young (3072K), 3 survivors (3072K)
 Metaspace       used 41995K, capacity 42963K, committed 43136K, reserved 1087488K
  class space    used 5680K, capacity 5990K, committed 6016K, reserved 1048576K
}
Event: 143.593 GC heap before
{Heap before GC invocations=29 (full 0):
 garbage-first heap   total 152576K, used 102650K [0x0000000701c00000, 0x0000000800000000)
  region size 1024K, 26 young (26624K), 3 survivors (3072K)
 Metaspace       used 42492K, capacity 43698K, committed 43904K, reserved 1087488K
  class space    used 5800K, capacity 6192K, committed 6272K, reserved 1048576K
}
Event: 143.598 GC heap after
{Heap after GC invocations=30 (full 0):
 garbage-first heap   total 152576K, used 85797K [0x0000000701c00000, 0x0000000800000000)
  region size 1024K, 4 young (4096K), 4 survivors (4096K)
 Metaspace       used 42492K, capacity 43698K, committed 43904K, reserved 1087488K
  class space    used 5800K, capacity 6192K, committed 6272K, reserved 1048576K
}

